<?xml version="1.0" encoding="UTF-8"?>
<!-- Generated by org.testng.reporters.JUnitReportReporter -->
<testsuite skipped="0" hostname="DESKTOP-6NR16N6" name="com.inetBanking.testCases.TC_LoginTest_001" tests="1" failures="0" timestamp="2020-04-19T13:28:26 NPT" time="17.041" errors="0">
  <testcase name="loginTest" time="17.041" classname="com.inetBanking.testCases.TC_LoginTest_001"/>
  <system-out/>
</testsuite> <!-- com.inetBanking.testCases.TC_LoginTest_001 -->
